2026-01-31 16:09:28 [INF] ==================================================
2026-01-31 16:09:28 [INF] ЗАПУСК СЕРВИСА КОММЕНТИРОВАНИЯ
2026-01-31 16:09:28 [INF] ==================================================
2026-01-31 16:09:28 [INF] Комментирование запущено
2026-01-31 16:09:28 [INF] ==================================================
2026-01-31 16:09:28 [INF] ЗАПУСК МОНИТОРИНГА КОММЕНТАРИЕВ
2026-01-31 16:09:28 [INF] ==================================================
2026-01-31 16:09:28 [INF] Мониторинг запущен
2026-01-31 16:09:28 [INF] Запущен главный цикл комментирования
2026-01-31 16:09:28 [WAR] Нет активных аккаунтов для комментирования
2026-01-31 16:09:28 [INF] Пауза между циклами: 173 сек
2026-01-31 16:09:28 [INF] Запущен цикл мониторинга
2026-01-31 16:09:28 [DEB] Нет комментариев для проверки
2026-01-31 16:09:28 [DEB] Следующая проверка через 60 сек
2026-01-31 16:17:00 [INF] ==================================================
2026-01-31 16:17:00 [INF] ЗАПУСК СЕРВИСА КОММЕНТИРОВАНИЯ
2026-01-31 16:17:00 [INF] ==================================================
2026-01-31 16:17:00 [INF] Комментирование запущено
2026-01-31 16:17:00 [INF] ==================================================
2026-01-31 16:17:00 [INF] ЗАПУСК МОНИТОРИНГА КОММЕНТАРИЕВ
2026-01-31 16:17:00 [INF] ==================================================
2026-01-31 16:17:00 [INF] Мониторинг запущен
2026-01-31 16:17:00 [INF] Запущен главный цикл комментирования
2026-01-31 16:17:00 [WAR] Нет активных аккаунтов для комментирования
2026-01-31 16:17:00 [INF] Пауза между циклами: 120 сек
2026-01-31 16:17:00 [INF] Запущен цикл мониторинга
2026-01-31 16:17:00 [DEB] Нет комментариев для проверки
2026-01-31 16:17:00 [DEB] Следующая проверка через 60 сек
2026-01-31 16:22:05 [INF] ==================================================
2026-01-31 16:22:05 [INF] ЗАПУСК СЕРВИСА КОММЕНТИРОВАНИЯ
2026-01-31 16:22:05 [INF] ==================================================
2026-01-31 16:22:05 [INF] Комментирование запущено
2026-01-31 16:22:05 [INF] ==================================================
2026-01-31 16:22:05 [INF] ЗАПУСК МОНИТОРИНГА КОММЕНТАРИЕВ
2026-01-31 16:22:05 [INF] ==================================================
2026-01-31 16:22:05 [INF] Мониторинг запущен
2026-01-31 16:22:05 [INF] Запущен главный цикл комментирования
2026-01-31 16:22:05 [WAR] Нет активных аккаунтов для комментирования
2026-01-31 16:22:05 [INF] Пауза между циклами: 84 сек
2026-01-31 16:22:05 [INF] Запущен цикл мониторинга
2026-01-31 16:22:05 [DEB] Нет комментариев для проверки
2026-01-31 16:22:05 [DEB] Следующая проверка через 60 сек
2026-01-31 22:20:06 [INF] ==================================================
2026-01-31 22:20:06 [INF] ЗАПУСК СЕРВИСА КОММЕНТИРОВАНИЯ
2026-01-31 22:20:06 [INF] ==================================================
2026-01-31 22:20:06 [INF] Комментирование запущено
2026-01-31 22:20:06 [INF] ==================================================
2026-01-31 22:20:06 [INF] ЗАПУСК МОНИТОРИНГА КОММЕНТАРИЕВ
2026-01-31 22:20:06 [INF] ==================================================
2026-01-31 22:20:06 [INF] Мониторинг запущен
2026-01-31 22:20:06 [INF] Запущен главный цикл комментирования
2026-01-31 22:20:06 [WAR] Нет активных аккаунтов для комментирования
2026-01-31 22:20:06 [INF] Пауза между циклами: 195 сек
2026-01-31 22:20:06 [INF] Запущен цикл мониторинга
2026-01-31 22:20:06 [DEB] Нет комментариев для проверки
2026-01-31 22:20:06 [DEB] Следующая проверка через 60 сек
